*********************************
Dataset: coc1000.csv
*********************************
Mean results of best outcomes from 20 runs
*********************************

         LOC+   AEXP-   PLEX-   RISK-   EFFORT-
all      1064.8 3.0     3.0     5.0     19340.6
sway1    1077.6 2.95    3.15    3.95    17956.35
xpln1    1114.65 3.1     3.05    4.95    20809.45
sway2    1559.0 2.0     3.0     11.0      86806.0
xpln2    1009.9 2.9     3.05    5.9     22036.9
top      1942.0 1.0     2.0     3.0     31323.0


*********************************
Size Comparison - Cliffs Delta
*********************************
                 LOC+   AEXP-   PLEX-   RISK-   EFFORT-
all to all        =       =        =        =        =
all to sway1      ≠      ≠        ≠        ≠        ≠
all to sway2      ≠      ≠        ≠        ≠        ≠
sway1 to sway2    ≠               ≠                    ≠                    ≠                    ≠
sway1 to xpln1             ≠          ≠             ≠             ≠             ≠
sway2 to xpln2             ≠          ≠             ≠             ≠             ≠
sway1 to top      ≠      ≠        ≠        =         ≠
