*********************************
Dataset: coc10000.csv
*********************************
Mean results of best outcomes from 20 runs
*********************************

         Loc+       Risk-   Effort-
all      1001.05    5.2     19844.95
sway1    1041.8     3.15    15976.0
xpln1    998.1      5.2     18705.5
sway2    1616.0     12.0    146753.0
xpln2    1084.25    7.95    33004.5
top      1997.0     0.0     5771.0


*********************************
Size Comparison - Cliffs Delta
*********************************
                 Loc+   Risk-   Effort-
all to all       =      =        =
all to sway1     ≠      ≠       ≠
all to sway2     ≠      ≠       ≠
sway1 to sway2   ≠      ≠       ≠  
sway1 to xpln1   ≠      ≠       ≠
sway2 to xpln2   ≠      ≠       ≠
sway1 to top     ≠      ≠       ≠